<?xml version="1.0" encoding="UTF-8"?>
<!-- Generated by org.testng.reporters.JUnitReportReporter -->
<testsuite hostname="DESKTOP-8N3VC5K" failures="0" tests="1" name="Test.TestClass" time="4.558" errors="0" timestamp="2025-02-28T10:53:54 IST" skipped="0">
  <testcase classname="Test.TestClass" name="TESTCASES11" time="4.558"/>
  <system-out/>
</testsuite> <!-- Test.TestClass -->
