<?xml version="1.0" encoding="UTF-8"?>
<!-- Generated by org.testng.reporters.JUnitReportReporter -->
<testsuite hostname="DESKTOP-8N3VC5K" failures="0" tests="1" name="Test.TestClass" time="7.469" errors="0" timestamp="2025-02-21T15:40:09 IST" skipped="0">
  <testcase classname="Test.TestClass" name="testCases1" time="7.469"/>
  <system-out/>
</testsuite> <!-- Test.TestClass -->
