<?xml version="1.0" encoding="UTF-8"?>
<!-- Generated by org.testng.reporters.JUnitReportReporter -->
<testsuite hostname="DESKTOP-8N3VC5K" failures="0" tests="1" name="Test.TestClass" time="10.500" errors="0" timestamp="2025-02-27T13:07:08 IST" skipped="0">
  <testcase classname="Test.TestClass" name="testCases1" time="10.500"/>
  <system-out/>
</testsuite> <!-- Test.TestClass -->
