<?xml version="1.0" encoding="UTF-8"?>
<!-- Generated by org.testng.reporters.JUnitReportReporter -->
<testsuite hostname="DESKTOP-8N3VC5K" failures="0" tests="1" name="test.LaunchTest" time="0.033" errors="0" timestamp="2025-03-03T11:08:53 IST" skipped="0">
  <testcase classname="test.LaunchTest" name="openBrowserTest" time="0.033"/>
  <system-out/>
</testsuite> <!-- test.LaunchTest -->
